2021-12-19 08:49:31.744  INFO 10952 --- [restartedMain] c.b.e.EmployeePayrollAppApplication      : Starting EmployeePayrollAppApplication using Java 17 on DESKTOP-U3IERAO with PID 10952 (D:\Bridgelabz\java\employeepayrollapp\target\classes started by Brijesh Kullal in D:\Bridgelabz\java\employeepayrollapp)
2021-12-19 08:49:31.747 DEBUG 10952 --- [restartedMain] c.b.e.EmployeePayrollAppApplication      : Running with Spring Boot v2.6.1, Spring v5.3.13
2021-12-19 08:49:31.748  INFO 10952 --- [restartedMain] c.b.e.EmployeePayrollAppApplication      : No active profile set, falling back to default profiles: default
2021-12-19 08:49:32.239  WARN 10952 --- [restartedMain] JpaBaseConfiguration$JpaWebConfiguration : spring.jpa.open-in-view is enabled by default. Therefore, database queries may be performed during view rendering. Explicitly configure spring.jpa.open-in-view to disable this warning
2021-12-19 08:49:32.588  INFO 10952 --- [restartedMain] c.b.e.EmployeePayrollAppApplication      : Started EmployeePayrollAppApplication in 0.923 seconds (JVM running for 44305.496)
2021-12-19 08:53:51.646  INFO 10952 --- [restartedMain] c.b.e.EmployeePayrollAppApplication      : Starting EmployeePayrollAppApplication using Java 17 on DESKTOP-U3IERAO with PID 10952 (D:\Bridgelabz\java\employeepayrollapp\target\classes started by Brijesh Kullal in D:\Bridgelabz\java\employeepayrollapp)
2021-12-19 08:53:51.647 DEBUG 10952 --- [restartedMain] c.b.e.EmployeePayrollAppApplication      : Running with Spring Boot v2.6.1, Spring v5.3.13
2021-12-19 08:53:51.648  INFO 10952 --- [restartedMain] c.b.e.EmployeePayrollAppApplication      : No active profile set, falling back to default profiles: default
2021-12-19 08:53:52.265  WARN 10952 --- [restartedMain] JpaBaseConfiguration$JpaWebConfiguration : spring.jpa.open-in-view is enabled by default. Therefore, database queries may be performed during view rendering. Explicitly configure spring.jpa.open-in-view to disable this warning
2021-12-19 08:53:52.566  INFO 10952 --- [restartedMain] c.b.e.EmployeePayrollAppApplication      : Started EmployeePayrollAppApplication in 0.958 seconds (JVM running for 44565.475)
2021-12-19 08:56:09.905  INFO 10952 --- [restartedMain] c.b.e.EmployeePayrollAppApplication      : Starting EmployeePayrollAppApplication using Java 17 on DESKTOP-U3IERAO with PID 10952 (D:\Bridgelabz\java\employeepayrollapp\target\classes started by Brijesh Kullal in D:\Bridgelabz\java\employeepayrollapp)
2021-12-19 08:56:09.906 DEBUG 10952 --- [restartedMain] c.b.e.EmployeePayrollAppApplication      : Running with Spring Boot v2.6.1, Spring v5.3.13
2021-12-19 08:56:09.906  INFO 10952 --- [restartedMain] c.b.e.EmployeePayrollAppApplication      : No active profile set, falling back to default profiles: default
2021-12-19 08:56:10.290  WARN 10952 --- [restartedMain] JpaBaseConfiguration$JpaWebConfiguration : spring.jpa.open-in-view is enabled by default. Therefore, database queries may be performed during view rendering. Explicitly configure spring.jpa.open-in-view to disable this warning
2021-12-19 08:56:10.368  INFO 10952 --- [restartedMain] c.b.e.EmployeePayrollAppApplication      : Started EmployeePayrollAppApplication in 0.492 seconds (JVM running for 44703.275)
2021-12-19 08:56:10.370  INFO 10952 --- [restartedMain] c.b.e.EmployeePayrollAppApplication      : Employee Payroll App Started.
2021-12-19 08:56:37.220  INFO 10952 --- [restartedMain] c.b.e.EmployeePayrollAppApplication      : Starting EmployeePayrollAppApplication using Java 17 on DESKTOP-U3IERAO with PID 10952 (D:\Bridgelabz\java\employeepayrollapp\target\classes started by Brijesh Kullal in D:\Bridgelabz\java\employeepayrollapp)
2021-12-19 08:56:37.221 DEBUG 10952 --- [restartedMain] c.b.e.EmployeePayrollAppApplication      : Running with Spring Boot v2.6.1, Spring v5.3.13
2021-12-19 08:56:37.221  INFO 10952 --- [restartedMain] c.b.e.EmployeePayrollAppApplication      : No active profile set, falling back to default profiles: default
2021-12-19 08:56:37.615  WARN 10952 --- [restartedMain] JpaBaseConfiguration$JpaWebConfiguration : spring.jpa.open-in-view is enabled by default. Therefore, database queries may be performed during view rendering. Explicitly configure spring.jpa.open-in-view to disable this warning
2021-12-19 08:56:37.705  INFO 10952 --- [restartedMain] c.b.e.EmployeePayrollAppApplication      : Started EmployeePayrollAppApplication in 0.512 seconds (JVM running for 44730.613)
2021-12-19 08:56:37.707  INFO 10952 --- [restartedMain] c.b.e.EmployeePayrollAppApplication      : Employee Payroll App Started.
